<?xml version="1.0" encoding="UTF-8"?>
<!-- Generated by org.testng.reporters.JUnitReportReporter -->
<testsuite hostname="EPBYMINW3159" name="tests.MailCreationTest" tests="2" failures="0" timestamp="9 Aug 2018 15:29:14 GMT" time="10.226" errors="0">
  <testcase name="mailRuMailCreationTest" time="4.836" classname="tests.MailCreationTest"/>
  <testcase name="mailRuLoginTest" time="5.390" classname="tests.MailCreationTest"/>
</testsuite> <!-- tests.MailCreationTest -->
